{"C:\\Users\\Administrator\\Desktop\\workintech\\fsweb-s15g4-node-testing-project-2\\knexfile.js": {"path":"C:\\Users\\Administrator\\Desktop\\workintech\\fsweb-s15g4-node-testing-project-2\\knexfile.js","all":false,"statementMap":{"0":{"start":{"line":1,"column":0},"end":{"line":1,"column":36}},"1":{"start":{"line":2,"column":0},"end":{"line":2,"column":0}},"2":{"start":{"line":3,"column":0},"end":{"line":3,"column":3}},"3":{"start":{"line":4,"column":0},"end":{"line":4,"column":56}},"4":{"start":{"line":5,"column":0},"end":{"line":5,"column":3}},"5":{"start":{"line":6,"column":0},"end":{"line":6,"column":0}},"6":{"start":{"line":7,"column":0},"end":{"line":7,"column":22}},"7":{"start":{"line":8,"column":0},"end":{"line":8,"column":20}},"8":{"start":{"line":9,"column":0},"end":{"line":9,"column":15}},"9":{"start":{"line":10,"column":0},"end":{"line":10,"column":33}},"10":{"start":{"line":11,"column":0},"end":{"line":11,"column":4}},"11":{"start":{"line":12,"column":0},"end":{"line":12,"column":9}},"12":{"start":{"line":13,"column":0},"end":{"line":13,"column":29}},"13":{"start":{"line":14,"column":0},"end":{"line":14,"column":4}},"14":{"start":{"line":15,"column":0},"end":{"line":15,"column":25}},"15":{"start":{"line":16,"column":0},"end":{"line":16,"column":9}},"16":{"start":{"line":17,"column":0},"end":{"line":17,"column":30}},"17":{"start":{"line":18,"column":0},"end":{"line":18,"column":47}},"18":{"start":{"line":19,"column":0},"end":{"line":19,"column":5}},"19":{"start":{"line":20,"column":0},"end":{"line":20,"column":3}},"20":{"start":{"line":21,"column":0},"end":{"line":21,"column":1}},"21":{"start":{"line":22,"column":0},"end":{"line":22,"column":18}},"22":{"start":{"line":23,"column":0},"end":{"line":23,"column":0}},"23":{"start":{"line":24,"column":0},"end":{"line":24,"column":16}},"24":{"start":{"line":25,"column":0},"end":{"line":25,"column":20}},"25":{"start":{"line":26,"column":0},"end":{"line":26,"column":17}},"26":{"start":{"line":27,"column":0},"end":{"line":27,"column":28}},"27":{"start":{"line":28,"column":0},"end":{"line":28,"column":5}},"28":{"start":{"line":29,"column":0},"end":{"line":29,"column":4}},"29":{"start":{"line":30,"column":0},"end":{"line":30,"column":12}},"30":{"start":{"line":31,"column":0},"end":{"line":31,"column":20}},"31":{"start":{"line":32,"column":0},"end":{"line":32,"column":17}},"32":{"start":{"line":33,"column":0},"end":{"line":33,"column":31}},"33":{"start":{"line":34,"column":0},"end":{"line":34,"column":5}},"34":{"start":{"line":35,"column":0},"end":{"line":35,"column":4}},"35":{"start":{"line":36,"column":0},"end":{"line":36,"column":0}},"36":{"start":{"line":37,"column":0},"end":{"line":37,"column":2}}},"s":{"0":1,"1":1,"2":1,"3":1,"4":1,"5":1,"6":1,"7":1,"8":1,"9":1,"10":1,"11":1,"12":1,"13":1,"14":1,"15":1,"16":1,"17":1,"18":1,"19":1,"20":1,"21":1,"22":1,"23":1,"24":1,"25":1,"26":1,"27":1,"28":1,"29":1,"30":1,"31":1,"32":1,"33":1,"34":1,"35":1,"36":1},"branchMap":{"0":{"type":"branch","line":17,"loc":{"start":{"line":17,"column":16},"end":{"line":19,"column":5}},"locations":[{"start":{"line":17,"column":16},"end":{"line":19,"column":5}}]}},"b":{"0":[1]},"fnMap":{"0":{"name":"afterCreate","decl":{"start":{"line":17,"column":16},"end":{"line":19,"column":5}},"loc":{"start":{"line":17,"column":16},"end":{"line":19,"column":5}},"line":17}},"f":{"0":1}}
,"C:\\Users\\Administrator\\Desktop\\workintech\\fsweb-s15g4-node-testing-project-2\\api\\server.js": {"path":"C:\\Users\\Administrator\\Desktop\\workintech\\fsweb-s15g4-node-testing-project-2\\api\\server.js","all":false,"statementMap":{"0":{"start":{"line":1,"column":0},"end":{"line":1,"column":35}},"1":{"start":{"line":2,"column":0},"end":{"line":2,"column":55}},"2":{"start":{"line":3,"column":0},"end":{"line":3,"column":52}},"3":{"start":{"line":4,"column":0},"end":{"line":4,"column":0}},"4":{"start":{"line":5,"column":0},"end":{"line":5,"column":0}},"5":{"start":{"line":6,"column":0},"end":{"line":6,"column":25}},"6":{"start":{"line":7,"column":0},"end":{"line":7,"column":0}},"7":{"start":{"line":8,"column":0},"end":{"line":8,"column":27}},"8":{"start":{"line":9,"column":0},"end":{"line":9,"column":0}},"9":{"start":{"line":10,"column":0},"end":{"line":10,"column":37}},"10":{"start":{"line":11,"column":0},"end":{"line":11,"column":35}},"11":{"start":{"line":12,"column":0},"end":{"line":12,"column":0}},"12":{"start":{"line":13,"column":0},"end":{"line":13,"column":24}}},"s":{"0":1,"1":1,"2":1,"3":1,"4":1,"5":1,"6":1,"7":1,"8":1,"9":1,"10":1,"11":1,"12":1},"branchMap":{},"b":{},"fnMap":{},"f":{}}
,"C:\\Users\\Administrator\\Desktop\\workintech\\fsweb-s15g4-node-testing-project-2\\api\\gorevler\\gorev-middleware.js": {"path":"C:\\Users\\Administrator\\Desktop\\workintech\\fsweb-s15g4-node-testing-project-2\\api\\gorevler\\gorev-middleware.js","all":false,"statementMap":{"0":{"start":{"line":1,"column":0},"end":{"line":1,"column":44}},"1":{"start":{"line":2,"column":0},"end":{"line":2,"column":0}},"2":{"start":{"line":3,"column":0},"end":{"line":3,"column":42}},"3":{"start":{"line":4,"column":0},"end":{"line":4,"column":9}},"4":{"start":{"line":5,"column":0},"end":{"line":5,"column":64}},"5":{"start":{"line":6,"column":0},"end":{"line":6,"column":21}},"6":{"start":{"line":7,"column":0},"end":{"line":7,"column":56}},"7":{"start":{"line":8,"column":0},"end":{"line":8,"column":14}},"8":{"start":{"line":9,"column":0},"end":{"line":9,"column":32}},"9":{"start":{"line":10,"column":0},"end":{"line":10,"column":19}},"10":{"start":{"line":11,"column":0},"end":{"line":11,"column":9}},"11":{"start":{"line":12,"column":0},"end":{"line":12,"column":21}},"12":{"start":{"line":13,"column":0},"end":{"line":13,"column":20}},"13":{"start":{"line":14,"column":0},"end":{"line":14,"column":5}},"14":{"start":{"line":15,"column":0},"end":{"line":15,"column":1}},"15":{"start":{"line":16,"column":0},"end":{"line":16,"column":32}}},"s":{"0":1,"1":1,"2":3,"3":3,"4":3,"5":3,"6":1,"7":3,"8":2,"9":2,"10":2,"11":3,"12":0,"13":0,"14":3,"15":1},"branchMap":{"0":{"type":"branch","line":3,"loc":{"start":{"line":3,"column":0},"end":{"line":15,"column":1}},"locations":[{"start":{"line":3,"column":0},"end":{"line":15,"column":1}}]},"1":{"type":"branch","line":6,"loc":{"start":{"line":6,"column":20},"end":{"line":8,"column":9}},"locations":[{"start":{"line":6,"column":20},"end":{"line":8,"column":9}}]},"2":{"type":"branch","line":8,"loc":{"start":{"line":8,"column":9},"end":{"line":11,"column":9}},"locations":[{"start":{"line":8,"column":9},"end":{"line":11,"column":9}}]},"3":{"type":"branch","line":12,"loc":{"start":{"line":12,"column":6},"end":{"line":14,"column":5}},"locations":[{"start":{"line":12,"column":6},"end":{"line":14,"column":5}}]}},"b":{"0":[3],"1":[1],"2":[2],"3":[0]},"fnMap":{"0":{"name":"checkGorevId","decl":{"start":{"line":3,"column":0},"end":{"line":15,"column":1}},"loc":{"start":{"line":3,"column":0},"end":{"line":15,"column":1}},"line":3}},"f":{"0":3}}
,"C:\\Users\\Administrator\\Desktop\\workintech\\fsweb-s15g4-node-testing-project-2\\api\\gorevler\\gorev-model.js": {"path":"C:\\Users\\Administrator\\Desktop\\workintech\\fsweb-s15g4-node-testing-project-2\\api\\gorevler\\gorev-model.js","all":false,"statementMap":{"0":{"start":{"line":1,"column":0},"end":{"line":1,"column":43}},"1":{"start":{"line":2,"column":0},"end":{"line":2,"column":0}},"2":{"start":{"line":3,"column":0},"end":{"line":3,"column":24}},"3":{"start":{"line":4,"column":0},"end":{"line":4,"column":32}},"4":{"start":{"line":5,"column":0},"end":{"line":5,"column":1}},"5":{"start":{"line":6,"column":0},"end":{"line":6,"column":27}},"6":{"start":{"line":7,"column":0},"end":{"line":7,"column":60}},"7":{"start":{"line":8,"column":0},"end":{"line":8,"column":1}},"8":{"start":{"line":9,"column":0},"end":{"line":9,"column":27}},"9":{"start":{"line":10,"column":0},"end":{"line":10,"column":55}},"10":{"start":{"line":11,"column":0},"end":{"line":11,"column":34}},"11":{"start":{"line":12,"column":0},"end":{"line":12,"column":1}},"12":{"start":{"line":13,"column":0},"end":{"line":13,"column":26}},"13":{"start":{"line":14,"column":0},"end":{"line":14,"column":51}},"14":{"start":{"line":15,"column":0},"end":{"line":15,"column":1}},"15":{"start":{"line":16,"column":0},"end":{"line":16,"column":0}},"16":{"start":{"line":17,"column":0},"end":{"line":17,"column":18}},"17":{"start":{"line":18,"column":0},"end":{"line":18,"column":11}},"18":{"start":{"line":19,"column":0},"end":{"line":19,"column":12}},"19":{"start":{"line":20,"column":0},"end":{"line":20,"column":11}},"20":{"start":{"line":21,"column":0},"end":{"line":21,"column":10}},"21":{"start":{"line":22,"column":0},"end":{"line":22,"column":1}}},"s":{"0":1,"1":1,"2":1,"3":1,"4":1,"5":4,"6":4,"7":4,"8":1,"9":1,"10":1,"11":1,"12":1,"13":1,"14":1,"15":1,"16":1,"17":1,"18":1,"19":1,"20":1,"21":1},"branchMap":{"0":{"type":"branch","line":3,"loc":{"start":{"line":3,"column":0},"end":{"line":5,"column":1}},"locations":[{"start":{"line":3,"column":0},"end":{"line":5,"column":1}}]},"1":{"type":"branch","line":6,"loc":{"start":{"line":6,"column":0},"end":{"line":8,"column":1}},"locations":[{"start":{"line":6,"column":0},"end":{"line":8,"column":1}}]},"2":{"type":"branch","line":9,"loc":{"start":{"line":9,"column":0},"end":{"line":12,"column":1}},"locations":[{"start":{"line":9,"column":0},"end":{"line":12,"column":1}}]},"3":{"type":"branch","line":13,"loc":{"start":{"line":13,"column":0},"end":{"line":15,"column":1}},"locations":[{"start":{"line":13,"column":0},"end":{"line":15,"column":1}}]}},"b":{"0":[1],"1":[4],"2":[1],"3":[1]},"fnMap":{"0":{"name":"getAll","decl":{"start":{"line":3,"column":0},"end":{"line":5,"column":1}},"loc":{"start":{"line":3,"column":0},"end":{"line":5,"column":1}},"line":3},"1":{"name":"getById","decl":{"start":{"line":6,"column":0},"end":{"line":8,"column":1}},"loc":{"start":{"line":6,"column":0},"end":{"line":8,"column":1}},"line":6},"2":{"name":"create","decl":{"start":{"line":9,"column":0},"end":{"line":12,"column":1}},"loc":{"start":{"line":9,"column":0},"end":{"line":12,"column":1}},"line":9},"3":{"name":"remove","decl":{"start":{"line":13,"column":0},"end":{"line":15,"column":1}},"loc":{"start":{"line":13,"column":0},"end":{"line":15,"column":1}},"line":13}},"f":{"0":1,"1":4,"2":1,"3":1}}
,"C:\\Users\\Administrator\\Desktop\\workintech\\fsweb-s15g4-node-testing-project-2\\api\\gorevler\\gorev-router.js": {"path":"C:\\Users\\Administrator\\Desktop\\workintech\\fsweb-s15g4-node-testing-project-2\\api\\gorevler\\gorev-router.js","all":false,"statementMap":{"0":{"start":{"line":1,"column":0},"end":{"line":1,"column":43}},"1":{"start":{"line":2,"column":0},"end":{"line":2,"column":44}},"2":{"start":{"line":3,"column":0},"end":{"line":3,"column":41}},"3":{"start":{"line":4,"column":0},"end":{"line":4,"column":0}},"4":{"start":{"line":5,"column":0},"end":{"line":5,"column":38}},"5":{"start":{"line":6,"column":0},"end":{"line":6,"column":9}},"6":{"start":{"line":7,"column":0},"end":{"line":7,"column":46}},"7":{"start":{"line":8,"column":0},"end":{"line":8,"column":22}},"8":{"start":{"line":9,"column":0},"end":{"line":9,"column":21}},"9":{"start":{"line":10,"column":0},"end":{"line":10,"column":20}},"10":{"start":{"line":11,"column":0},"end":{"line":11,"column":5}},"11":{"start":{"line":12,"column":0},"end":{"line":12,"column":3}},"12":{"start":{"line":13,"column":0},"end":{"line":13,"column":0}},"13":{"start":{"line":14,"column":0},"end":{"line":14,"column":56}},"14":{"start":{"line":15,"column":0},"end":{"line":15,"column":9}},"15":{"start":{"line":16,"column":0},"end":{"line":16,"column":28}},"16":{"start":{"line":17,"column":0},"end":{"line":17,"column":21}},"17":{"start":{"line":18,"column":0},"end":{"line":18,"column":20}},"18":{"start":{"line":19,"column":0},"end":{"line":19,"column":5}},"19":{"start":{"line":20,"column":0},"end":{"line":20,"column":3}},"20":{"start":{"line":21,"column":0},"end":{"line":21,"column":0}},"21":{"start":{"line":22,"column":0},"end":{"line":22,"column":39}},"22":{"start":{"line":23,"column":0},"end":{"line":23,"column":9}},"23":{"start":{"line":24,"column":0},"end":{"line":24,"column":29}},"24":{"start":{"line":25,"column":0},"end":{"line":25,"column":17}},"25":{"start":{"line":26,"column":0},"end":{"line":26,"column":67}},"26":{"start":{"line":27,"column":0},"end":{"line":27,"column":14}},"27":{"start":{"line":28,"column":0},"end":{"line":28,"column":100}},"28":{"start":{"line":29,"column":0},"end":{"line":29,"column":42}},"29":{"start":{"line":30,"column":0},"end":{"line":30,"column":9}},"30":{"start":{"line":31,"column":0},"end":{"line":31,"column":21}},"31":{"start":{"line":32,"column":0},"end":{"line":32,"column":20}},"32":{"start":{"line":33,"column":0},"end":{"line":33,"column":5}},"33":{"start":{"line":34,"column":0},"end":{"line":34,"column":3}},"34":{"start":{"line":35,"column":0},"end":{"line":35,"column":0}},"35":{"start":{"line":36,"column":0},"end":{"line":36,"column":59}},"36":{"start":{"line":37,"column":0},"end":{"line":37,"column":9}},"37":{"start":{"line":38,"column":0},"end":{"line":38,"column":47}},"38":{"start":{"line":39,"column":0},"end":{"line":39,"column":52}},"39":{"start":{"line":40,"column":0},"end":{"line":40,"column":21}},"40":{"start":{"line":41,"column":0},"end":{"line":41,"column":20}},"41":{"start":{"line":42,"column":0},"end":{"line":42,"column":5}},"42":{"start":{"line":43,"column":0},"end":{"line":43,"column":3}},"43":{"start":{"line":44,"column":0},"end":{"line":44,"column":0}},"44":{"start":{"line":45,"column":0},"end":{"line":45,"column":24}}},"s":{"0":1,"1":1,"2":1,"3":1,"4":1,"5":1,"6":1,"7":1,"8":1,"9":0,"10":0,"11":1,"12":1,"13":1,"14":1,"15":1,"16":1,"17":0,"18":0,"19":1,"20":1,"21":1,"22":1,"23":1,"24":1,"25":0,"26":1,"27":1,"28":1,"29":1,"30":1,"31":0,"32":0,"33":1,"34":1,"35":1,"36":1,"37":1,"38":1,"39":1,"40":0,"41":0,"42":1,"43":1,"44":1},"branchMap":{"0":{"type":"branch","line":5,"loc":{"start":{"line":5,"column":15},"end":{"line":12,"column":2}},"locations":[{"start":{"line":5,"column":15},"end":{"line":12,"column":2}}]},"1":{"type":"branch","line":9,"loc":{"start":{"line":9,"column":6},"end":{"line":11,"column":5}},"locations":[{"start":{"line":9,"column":6},"end":{"line":11,"column":5}}]},"2":{"type":"branch","line":14,"loc":{"start":{"line":14,"column":34},"end":{"line":20,"column":2}},"locations":[{"start":{"line":14,"column":34},"end":{"line":20,"column":2}}]},"3":{"type":"branch","line":17,"loc":{"start":{"line":17,"column":6},"end":{"line":19,"column":5}},"locations":[{"start":{"line":17,"column":6},"end":{"line":19,"column":5}}]},"4":{"type":"branch","line":22,"loc":{"start":{"line":22,"column":16},"end":{"line":34,"column":2}},"locations":[{"start":{"line":22,"column":16},"end":{"line":34,"column":2}}]},"5":{"type":"branch","line":25,"loc":{"start":{"line":25,"column":16},"end":{"line":27,"column":9}},"locations":[{"start":{"line":25,"column":16},"end":{"line":27,"column":9}}]},"6":{"type":"branch","line":31,"loc":{"start":{"line":31,"column":6},"end":{"line":33,"column":5}},"locations":[{"start":{"line":31,"column":6},"end":{"line":33,"column":5}}]},"7":{"type":"branch","line":36,"loc":{"start":{"line":36,"column":37},"end":{"line":43,"column":2}},"locations":[{"start":{"line":36,"column":37},"end":{"line":43,"column":2}}]},"8":{"type":"branch","line":40,"loc":{"start":{"line":40,"column":6},"end":{"line":42,"column":5}},"locations":[{"start":{"line":40,"column":6},"end":{"line":42,"column":5}}]}},"b":{"0":[1],"1":[0],"2":[1],"3":[0],"4":[1],"5":[0],"6":[0],"7":[1],"8":[0]},"fnMap":{},"f":{}}
,"C:\\Users\\Administrator\\Desktop\\workintech\\fsweb-s15g4-node-testing-project-2\\api\\tasklar\\task-middleware.js": {"path":"C:\\Users\\Administrator\\Desktop\\workintech\\fsweb-s15g4-node-testing-project-2\\api\\tasklar\\task-middleware.js","all":false,"statementMap":{"0":{"start":{"line":1,"column":0},"end":{"line":1,"column":42}},"1":{"start":{"line":2,"column":0},"end":{"line":2,"column":41}},"2":{"start":{"line":3,"column":0},"end":{"line":3,"column":9}},"3":{"start":{"line":4,"column":0},"end":{"line":4,"column":63}},"4":{"start":{"line":5,"column":0},"end":{"line":5,"column":21}},"5":{"start":{"line":6,"column":0},"end":{"line":6,"column":56}},"6":{"start":{"line":7,"column":0},"end":{"line":7,"column":14}},"7":{"start":{"line":8,"column":0},"end":{"line":8,"column":31}},"8":{"start":{"line":9,"column":0},"end":{"line":9,"column":19}},"9":{"start":{"line":10,"column":0},"end":{"line":10,"column":9}},"10":{"start":{"line":11,"column":0},"end":{"line":11,"column":21}},"11":{"start":{"line":12,"column":0},"end":{"line":12,"column":20}},"12":{"start":{"line":13,"column":0},"end":{"line":13,"column":5}},"13":{"start":{"line":14,"column":0},"end":{"line":14,"column":1}},"14":{"start":{"line":15,"column":0},"end":{"line":15,"column":31}}},"s":{"0":1,"1":3,"2":3,"3":3,"4":3,"5":1,"6":3,"7":2,"8":2,"9":2,"10":3,"11":0,"12":0,"13":3,"14":1},"branchMap":{"0":{"type":"branch","line":2,"loc":{"start":{"line":2,"column":0},"end":{"line":14,"column":1}},"locations":[{"start":{"line":2,"column":0},"end":{"line":14,"column":1}}]},"1":{"type":"branch","line":5,"loc":{"start":{"line":5,"column":20},"end":{"line":7,"column":9}},"locations":[{"start":{"line":5,"column":20},"end":{"line":7,"column":9}}]},"2":{"type":"branch","line":7,"loc":{"start":{"line":7,"column":9},"end":{"line":10,"column":9}},"locations":[{"start":{"line":7,"column":9},"end":{"line":10,"column":9}}]},"3":{"type":"branch","line":11,"loc":{"start":{"line":11,"column":6},"end":{"line":13,"column":5}},"locations":[{"start":{"line":11,"column":6},"end":{"line":13,"column":5}}]}},"b":{"0":[3],"1":[1],"2":[2],"3":[0]},"fnMap":{"0":{"name":"checkTaskId","decl":{"start":{"line":2,"column":0},"end":{"line":14,"column":1}},"loc":{"start":{"line":2,"column":0},"end":{"line":14,"column":1}},"line":2}},"f":{"0":3}}
,"C:\\Users\\Administrator\\Desktop\\workintech\\fsweb-s15g4-node-testing-project-2\\api\\tasklar\\task-model.js": {"path":"C:\\Users\\Administrator\\Desktop\\workintech\\fsweb-s15g4-node-testing-project-2\\api\\tasklar\\task-model.js","all":false,"statementMap":{"0":{"start":{"line":1,"column":0},"end":{"line":1,"column":43}},"1":{"start":{"line":2,"column":0},"end":{"line":2,"column":24}},"2":{"start":{"line":3,"column":0},"end":{"line":3,"column":31}},"3":{"start":{"line":4,"column":0},"end":{"line":4,"column":1}},"4":{"start":{"line":5,"column":0},"end":{"line":5,"column":27}},"5":{"start":{"line":6,"column":0},"end":{"line":6,"column":58}},"6":{"start":{"line":7,"column":0},"end":{"line":7,"column":1}},"7":{"start":{"line":8,"column":0},"end":{"line":8,"column":27}},"8":{"start":{"line":9,"column":0},"end":{"line":9,"column":53}},"9":{"start":{"line":10,"column":0},"end":{"line":10,"column":33}},"10":{"start":{"line":11,"column":0},"end":{"line":11,"column":1}},"11":{"start":{"line":12,"column":0},"end":{"line":12,"column":26}},"12":{"start":{"line":13,"column":0},"end":{"line":13,"column":49}},"13":{"start":{"line":14,"column":0},"end":{"line":14,"column":1}},"14":{"start":{"line":15,"column":0},"end":{"line":15,"column":0}},"15":{"start":{"line":16,"column":0},"end":{"line":16,"column":18}},"16":{"start":{"line":17,"column":0},"end":{"line":17,"column":11}},"17":{"start":{"line":18,"column":0},"end":{"line":18,"column":12}},"18":{"start":{"line":19,"column":0},"end":{"line":19,"column":11}},"19":{"start":{"line":20,"column":0},"end":{"line":20,"column":10}},"20":{"start":{"line":21,"column":0},"end":{"line":21,"column":1}}},"s":{"0":1,"1":1,"2":1,"3":1,"4":4,"5":4,"6":4,"7":1,"8":1,"9":1,"10":1,"11":1,"12":1,"13":1,"14":1,"15":1,"16":1,"17":1,"18":1,"19":1,"20":1},"branchMap":{"0":{"type":"branch","line":2,"loc":{"start":{"line":2,"column":0},"end":{"line":4,"column":1}},"locations":[{"start":{"line":2,"column":0},"end":{"line":4,"column":1}}]},"1":{"type":"branch","line":5,"loc":{"start":{"line":5,"column":0},"end":{"line":7,"column":1}},"locations":[{"start":{"line":5,"column":0},"end":{"line":7,"column":1}}]},"2":{"type":"branch","line":8,"loc":{"start":{"line":8,"column":0},"end":{"line":11,"column":1}},"locations":[{"start":{"line":8,"column":0},"end":{"line":11,"column":1}}]},"3":{"type":"branch","line":12,"loc":{"start":{"line":12,"column":0},"end":{"line":14,"column":1}},"locations":[{"start":{"line":12,"column":0},"end":{"line":14,"column":1}}]}},"b":{"0":[1],"1":[4],"2":[1],"3":[1]},"fnMap":{"0":{"name":"getAll","decl":{"start":{"line":2,"column":0},"end":{"line":4,"column":1}},"loc":{"start":{"line":2,"column":0},"end":{"line":4,"column":1}},"line":2},"1":{"name":"getById","decl":{"start":{"line":5,"column":0},"end":{"line":7,"column":1}},"loc":{"start":{"line":5,"column":0},"end":{"line":7,"column":1}},"line":5},"2":{"name":"create","decl":{"start":{"line":8,"column":0},"end":{"line":11,"column":1}},"loc":{"start":{"line":8,"column":0},"end":{"line":11,"column":1}},"line":8},"3":{"name":"remove","decl":{"start":{"line":12,"column":0},"end":{"line":14,"column":1}},"loc":{"start":{"line":12,"column":0},"end":{"line":14,"column":1}},"line":12}},"f":{"0":1,"1":4,"2":1,"3":1}}
,"C:\\Users\\Administrator\\Desktop\\workintech\\fsweb-s15g4-node-testing-project-2\\api\\tasklar\\task-router.js": {"path":"C:\\Users\\Administrator\\Desktop\\workintech\\fsweb-s15g4-node-testing-project-2\\api\\tasklar\\task-router.js","all":false,"statementMap":{"0":{"start":{"line":1,"column":0},"end":{"line":1,"column":43}},"1":{"start":{"line":2,"column":0},"end":{"line":2,"column":42}},"2":{"start":{"line":3,"column":0},"end":{"line":3,"column":40}},"3":{"start":{"line":4,"column":0},"end":{"line":4,"column":0}},"4":{"start":{"line":5,"column":0},"end":{"line":5,"column":38}},"5":{"start":{"line":6,"column":0},"end":{"line":6,"column":9}},"6":{"start":{"line":7,"column":0},"end":{"line":7,"column":45}},"7":{"start":{"line":8,"column":0},"end":{"line":8,"column":22}},"8":{"start":{"line":9,"column":0},"end":{"line":9,"column":21}},"9":{"start":{"line":10,"column":0},"end":{"line":10,"column":20}},"10":{"start":{"line":11,"column":0},"end":{"line":11,"column":5}},"11":{"start":{"line":12,"column":0},"end":{"line":12,"column":3}},"12":{"start":{"line":13,"column":0},"end":{"line":13,"column":0}},"13":{"start":{"line":14,"column":0},"end":{"line":14,"column":55}},"14":{"start":{"line":15,"column":0},"end":{"line":15,"column":9}},"15":{"start":{"line":16,"column":0},"end":{"line":16,"column":27}},"16":{"start":{"line":17,"column":0},"end":{"line":17,"column":21}},"17":{"start":{"line":18,"column":0},"end":{"line":18,"column":20}},"18":{"start":{"line":19,"column":0},"end":{"line":19,"column":5}},"19":{"start":{"line":20,"column":0},"end":{"line":20,"column":3}},"20":{"start":{"line":21,"column":0},"end":{"line":21,"column":0}},"21":{"start":{"line":22,"column":0},"end":{"line":22,"column":39}},"22":{"start":{"line":23,"column":0},"end":{"line":23,"column":9}},"23":{"start":{"line":24,"column":0},"end":{"line":24,"column":37}},"24":{"start":{"line":25,"column":0},"end":{"line":25,"column":29}},"25":{"start":{"line":26,"column":0},"end":{"line":26,"column":71}},"26":{"start":{"line":27,"column":0},"end":{"line":27,"column":14}},"27":{"start":{"line":28,"column":0},"end":{"line":28,"column":141}},"28":{"start":{"line":29,"column":0},"end":{"line":29,"column":42}},"29":{"start":{"line":30,"column":0},"end":{"line":30,"column":9}},"30":{"start":{"line":31,"column":0},"end":{"line":31,"column":21}},"31":{"start":{"line":32,"column":0},"end":{"line":32,"column":20}},"32":{"start":{"line":33,"column":0},"end":{"line":33,"column":5}},"33":{"start":{"line":34,"column":0},"end":{"line":34,"column":3}},"34":{"start":{"line":35,"column":0},"end":{"line":35,"column":0}},"35":{"start":{"line":36,"column":0},"end":{"line":36,"column":58}},"36":{"start":{"line":37,"column":0},"end":{"line":37,"column":9}},"37":{"start":{"line":38,"column":0},"end":{"line":38,"column":46}},"38":{"start":{"line":39,"column":0},"end":{"line":39,"column":52}},"39":{"start":{"line":40,"column":0},"end":{"line":40,"column":21}},"40":{"start":{"line":41,"column":0},"end":{"line":41,"column":20}},"41":{"start":{"line":42,"column":0},"end":{"line":42,"column":5}},"42":{"start":{"line":43,"column":0},"end":{"line":43,"column":3}},"43":{"start":{"line":44,"column":0},"end":{"line":44,"column":0}},"44":{"start":{"line":45,"column":0},"end":{"line":45,"column":24}}},"s":{"0":1,"1":1,"2":1,"3":1,"4":1,"5":1,"6":1,"7":1,"8":1,"9":0,"10":0,"11":1,"12":1,"13":1,"14":1,"15":1,"16":1,"17":0,"18":0,"19":1,"20":1,"21":1,"22":1,"23":1,"24":1,"25":0,"26":1,"27":1,"28":1,"29":1,"30":1,"31":0,"32":0,"33":1,"34":1,"35":1,"36":1,"37":1,"38":1,"39":1,"40":0,"41":0,"42":1,"43":1,"44":1},"branchMap":{"0":{"type":"branch","line":5,"loc":{"start":{"line":5,"column":15},"end":{"line":12,"column":2}},"locations":[{"start":{"line":5,"column":15},"end":{"line":12,"column":2}}]},"1":{"type":"branch","line":9,"loc":{"start":{"line":9,"column":6},"end":{"line":11,"column":5}},"locations":[{"start":{"line":9,"column":6},"end":{"line":11,"column":5}}]},"2":{"type":"branch","line":14,"loc":{"start":{"line":14,"column":33},"end":{"line":20,"column":2}},"locations":[{"start":{"line":14,"column":33},"end":{"line":20,"column":2}}]},"3":{"type":"branch","line":17,"loc":{"start":{"line":17,"column":6},"end":{"line":19,"column":5}},"locations":[{"start":{"line":17,"column":6},"end":{"line":19,"column":5}}]},"4":{"type":"branch","line":22,"loc":{"start":{"line":22,"column":16},"end":{"line":34,"column":2}},"locations":[{"start":{"line":22,"column":16},"end":{"line":34,"column":2}}]},"5":{"type":"branch","line":25,"loc":{"start":{"line":25,"column":28},"end":{"line":27,"column":9}},"locations":[{"start":{"line":25,"column":28},"end":{"line":27,"column":9}}]},"6":{"type":"branch","line":31,"loc":{"start":{"line":31,"column":6},"end":{"line":33,"column":5}},"locations":[{"start":{"line":31,"column":6},"end":{"line":33,"column":5}}]},"7":{"type":"branch","line":36,"loc":{"start":{"line":36,"column":36},"end":{"line":43,"column":2}},"locations":[{"start":{"line":36,"column":36},"end":{"line":43,"column":2}}]},"8":{"type":"branch","line":40,"loc":{"start":{"line":40,"column":6},"end":{"line":42,"column":5}},"locations":[{"start":{"line":40,"column":6},"end":{"line":42,"column":5}}]}},"b":{"0":[1],"1":[0],"2":[1],"3":[0],"4":[1],"5":[0],"6":[0],"7":[1],"8":[0]},"fnMap":{},"f":{}}
,"C:\\Users\\Administrator\\Desktop\\workintech\\fsweb-s15g4-node-testing-project-2\\data\\db-config.js": {"path":"C:\\Users\\Administrator\\Desktop\\workintech\\fsweb-s15g4-node-testing-project-2\\data\\db-config.js","all":false,"statementMap":{"0":{"start":{"line":1,"column":0},"end":{"line":1,"column":29}},"1":{"start":{"line":2,"column":0},"end":{"line":2,"column":39}},"2":{"start":{"line":3,"column":0},"end":{"line":3,"column":58}},"3":{"start":{"line":4,"column":0},"end":{"line":4,"column":0}},"4":{"start":{"line":5,"column":0},"end":{"line":5,"column":44}}},"s":{"0":1,"1":1,"2":1,"3":1,"4":1},"branchMap":{"0":{"type":"branch","line":3,"loc":{"start":{"line":3,"column":40},"end":{"line":3,"column":57}},"locations":[{"start":{"line":3,"column":40},"end":{"line":3,"column":57}}]}},"b":{"0":[0]},"fnMap":{},"f":{}}
,"C:\\Users\\Administrator\\Desktop\\workintech\\fsweb-s15g4-node-testing-project-2\\data\\migrations\\20230504143355_todoapp.js": {"path":"C:\\Users\\Administrator\\Desktop\\workintech\\fsweb-s15g4-node-testing-project-2\\data\\migrations\\20230504143355_todoapp.js","all":false,"statementMap":{"0":{"start":{"line":1,"column":0},"end":{"line":1,"column":3}},"1":{"start":{"line":2,"column":0},"end":{"line":2,"column":38}},"2":{"start":{"line":3,"column":0},"end":{"line":3,"column":29}},"3":{"start":{"line":4,"column":0},"end":{"line":4,"column":3}},"4":{"start":{"line":5,"column":0},"end":{"line":5,"column":29}},"5":{"start":{"line":6,"column":0},"end":{"line":6,"column":53}},"6":{"start":{"line":7,"column":0},"end":{"line":7,"column":27}},"7":{"start":{"line":8,"column":0},"end":{"line":8,"column":33}},"8":{"start":{"line":9,"column":0},"end":{"line":9,"column":24}},"9":{"start":{"line":10,"column":0},"end":{"line":10,"column":4}},"10":{"start":{"line":11,"column":0},"end":{"line":11,"column":29}},"11":{"start":{"line":12,"column":0},"end":{"line":12,"column":26}},"12":{"start":{"line":13,"column":0},"end":{"line":13,"column":33}},"13":{"start":{"line":14,"column":0},"end":{"line":14,"column":24}},"14":{"start":{"line":15,"column":0},"end":{"line":15,"column":48}},"15":{"start":{"line":16,"column":0},"end":{"line":16,"column":66}},"16":{"start":{"line":17,"column":0},"end":{"line":17,"column":5}},"17":{"start":{"line":18,"column":0},"end":{"line":18,"column":3}},"18":{"start":{"line":19,"column":0},"end":{"line":19,"column":13}},"19":{"start":{"line":20,"column":0},"end":{"line":20,"column":2}},"20":{"start":{"line":21,"column":0},"end":{"line":21,"column":0}},"21":{"start":{"line":22,"column":0},"end":{"line":22,"column":3}},"22":{"start":{"line":23,"column":0},"end":{"line":23,"column":38}},"23":{"start":{"line":24,"column":0},"end":{"line":24,"column":29}},"24":{"start":{"line":25,"column":0},"end":{"line":25,"column":3}},"25":{"start":{"line":26,"column":0},"end":{"line":26,"column":31}},"26":{"start":{"line":27,"column":0},"end":{"line":27,"column":20}},"27":{"start":{"line":28,"column":0},"end":{"line":28,"column":41}},"28":{"start":{"line":29,"column":0},"end":{"line":29,"column":42}},"29":{"start":{"line":30,"column":0},"end":{"line":30,"column":2}}},"s":{"0":1,"1":1,"2":1,"3":1,"4":1,"5":1,"6":1,"7":1,"8":1,"9":1,"10":1,"11":1,"12":1,"13":1,"14":1,"15":1,"16":1,"17":1,"18":1,"19":1,"20":1,"21":1,"22":1,"23":1,"24":1,"25":1,"26":1,"27":1,"28":1,"29":1},"branchMap":{"0":{"type":"branch","line":5,"loc":{"start":{"line":5,"column":13},"end":{"line":20,"column":2}},"locations":[{"start":{"line":5,"column":13},"end":{"line":20,"column":2}}]},"1":{"type":"branch","line":6,"loc":{"start":{"line":6,"column":49},"end":{"line":10,"column":3}},"locations":[{"start":{"line":6,"column":49},"end":{"line":10,"column":3}}]},"2":{"type":"branch","line":11,"loc":{"start":{"line":11,"column":25},"end":{"line":17,"column":3}},"locations":[{"start":{"line":11,"column":25},"end":{"line":17,"column":3}}]},"3":{"type":"branch","line":26,"loc":{"start":{"line":26,"column":15},"end":{"line":30,"column":2}},"locations":[{"start":{"line":26,"column":15},"end":{"line":30,"column":2}}]}},"b":{"0":[1],"1":[1],"2":[1],"3":[1]},"fnMap":{"0":{"name":"Object.<anonymous>.exports.up","decl":{"start":{"line":5,"column":13},"end":{"line":20,"column":2}},"loc":{"start":{"line":5,"column":13},"end":{"line":20,"column":2}},"line":5},"1":{"name":"Object.<anonymous>.exports.down","decl":{"start":{"line":26,"column":15},"end":{"line":30,"column":2}},"loc":{"start":{"line":26,"column":15},"end":{"line":30,"column":2}},"line":26}},"f":{"0":1,"1":1}}
,"C:\\Users\\Administrator\\Desktop\\workintech\\fsweb-s15g4-node-testing-project-2\\data\\seeds\\todoapp.js": {"path":"C:\\Users\\Administrator\\Desktop\\workintech\\fsweb-s15g4-node-testing-project-2\\data\\seeds\\todoapp.js","all":false,"statementMap":{"0":{"start":{"line":1,"column":0},"end":{"line":1,"column":3}},"1":{"start":{"line":2,"column":0},"end":{"line":2,"column":38}},"2":{"start":{"line":3,"column":0},"end":{"line":3,"column":30}},"3":{"start":{"line":4,"column":0},"end":{"line":4,"column":3}},"4":{"start":{"line":5,"column":0},"end":{"line":5,"column":21}},"5":{"start":{"line":6,"column":0},"end":{"line":6,"column":58}},"6":{"start":{"line":7,"column":0},"end":{"line":7,"column":1}},"7":{"start":{"line":8,"column":0},"end":{"line":8,"column":20}},"8":{"start":{"line":9,"column":0},"end":{"line":9,"column":99}},"9":{"start":{"line":10,"column":0},"end":{"line":10,"column":102}},"10":{"start":{"line":11,"column":0},"end":{"line":11,"column":1}},"11":{"start":{"line":12,"column":0},"end":{"line":12,"column":0}},"12":{"start":{"line":13,"column":0},"end":{"line":13,"column":0}},"13":{"start":{"line":14,"column":0},"end":{"line":14,"column":37}},"14":{"start":{"line":15,"column":0},"end":{"line":15,"column":33}},"15":{"start":{"line":16,"column":0},"end":{"line":16,"column":35}},"16":{"start":{"line":17,"column":0},"end":{"line":17,"column":45}},"17":{"start":{"line":18,"column":0},"end":{"line":18,"column":0}},"18":{"start":{"line":19,"column":0},"end":{"line":19,"column":35}},"19":{"start":{"line":20,"column":0},"end":{"line":20,"column":43}},"20":{"start":{"line":21,"column":0},"end":{"line":21,"column":2}}},"s":{"0":1,"1":1,"2":1,"3":1,"4":1,"5":1,"6":1,"7":1,"8":1,"9":1,"10":1,"11":1,"12":1,"13":1,"14":1,"15":1,"16":1,"17":1,"18":1,"19":1,"20":1},"branchMap":{"0":{"type":"branch","line":14,"loc":{"start":{"line":14,"column":15},"end":{"line":21,"column":2}},"locations":[{"start":{"line":14,"column":15},"end":{"line":21,"column":2}}]}},"b":{"0":[1]},"fnMap":{"0":{"name":"Object.<anonymous>.exports.seed","decl":{"start":{"line":14,"column":15},"end":{"line":21,"column":2}},"loc":{"start":{"line":14,"column":15},"end":{"line":21,"column":2}},"line":14}},"f":{"0":1}}
}
